0 info it worked if it ends with ok
1 verbose cli [ 'C:\\Program Files\\nodejs\\node.exe',
1 verbose cli   'C:\\Program Files\\nodejs\\node_modules\\npm\\bin\\npm-cli.js',
1 verbose cli   'start' ]
2 info using npm@3.7.3
3 info using node@v5.8.0
4 verbose run-script [ 'prestart', 'start', 'poststart' ]
5 info lifecycle appmovil@0.0.1~prestart: appmovil@0.0.1
6 silly lifecycle appmovil@0.0.1~prestart: no script for prestart, continuing
7 info lifecycle appmovil@0.0.1~start: appmovil@0.0.1
8 verbose lifecycle appmovil@0.0.1~start: unsafe-perm in lifecycle true
9 verbose lifecycle appmovil@0.0.1~start: PATH: C:\Program Files\nodejs\node_modules\npm\bin\node-gyp-bin;C:\Users\HP 14 V014\Desktop\SAR\appmovil\node_modules\.bin;C:\Program Files\nodejs;"C:\Program Files (x86)\Heroku\ruby-2.1.7\bin";C:\ProgramData\Oracle\Java\javapath;C:\app\Usuario\product\11.2.0\dbhome_1\bin;C:\Program Files\Broadcom\Broadcom 802.11;C:\Program Files (x86)\Intel\iCLS Client\;C:\Program Files\Intel\iCLS Client\;C:\WINDOWS\system32;C:\WINDOWS;C:\WINDOWS\System32\Wbem;C:\WINDOWS\System32\WindowsPowerShell\v1.0\;C:\Program Files\Hewlett-Packard\SimplePass\;C:\Program Files\Intel\Intel(R) Management Engine Components\DAL;C:\Program Files\Intel\Intel(R) Management Engine Components\IPT;C:\Program Files (x86)\Intel\Intel(R) Management Engine Components\DAL;C:\Program Files (x86)\Intel\Intel(R) Management Engine Components\IPT;C:\Program Files\Java\jdk1.7.0_75\bin;C:\Users\HP 14 V014\Desktop\phonegap-2.9.1\lib\android\bin;C:\Program Files\Gradle\bin;C:\Program Files\Java\jre1.8.0_51\bin;C:\Program Files (x86)\Heroku\bin;C:\Program Files (x86)\git\bin;C:\Program Files (x86)\git\cmd;C:\Users\HP 14 V014\AppData\Local\Programs\Git\cmd;C:\php;C:\Program Files (x86)\Skype\Phone\;C:\Program Files\nodejs\;C:\WINDOWS\system32\config\systemprofile\.dnx\bin;C:\Program Files\Microsoft DNX\Dnvm\;C:\Users\HP 14 V014\AppData\Roaming\npm;C:\Program Files (x86)\Git\bin
10 verbose lifecycle appmovil@0.0.1~start: CWD: C:\Users\HP 14 V014\Desktop\SAR\appmovil
11 silly lifecycle appmovil@0.0.1~start: Args: [ '/d /s /c', 'node server.js' ]
12 silly lifecycle appmovil@0.0.1~start: Returned: code: 1  signal: null
13 info lifecycle appmovil@0.0.1~start: Failed to exec start script
14 verbose stack Error: appmovil@0.0.1 start: `node server.js`
14 verbose stack Exit status 1
14 verbose stack     at EventEmitter.<anonymous> (C:\Program Files\nodejs\node_modules\npm\lib\utils\lifecycle.js:239:16)
14 verbose stack     at emitTwo (events.js:100:13)
14 verbose stack     at EventEmitter.emit (events.js:185:7)
14 verbose stack     at ChildProcess.<anonymous> (C:\Program Files\nodejs\node_modules\npm\lib\utils\spawn.js:24:14)
14 verbose stack     at emitTwo (events.js:100:13)
14 verbose stack     at ChildProcess.emit (events.js:185:7)
14 verbose stack     at maybeClose (internal/child_process.js:850:16)
14 verbose stack     at Process.ChildProcess._handle.onexit (internal/child_process.js:215:5)
15 verbose pkgid appmovil@0.0.1
16 verbose cwd C:\Users\HP 14 V014\Desktop\SAR\appmovil
17 error Windows_NT 10.0.10586
18 error argv "C:\\Program Files\\nodejs\\node.exe" "C:\\Program Files\\nodejs\\node_modules\\npm\\bin\\npm-cli.js" "start"
19 error node v5.8.0
20 error npm  v3.7.3
21 error code ELIFECYCLE
22 error appmovil@0.0.1 start: `node server.js`
22 error Exit status 1
23 error Failed at the appmovil@0.0.1 start script 'node server.js'.
23 error Make sure you have the latest version of node.js and npm installed.
23 error If you do, this is most likely a problem with the appmovil package,
23 error not with npm itself.
23 error Tell the author that this fails on your system:
23 error     node server.js
23 error You can get information on how to open an issue for this project with:
23 error     npm bugs appmovil
23 error Or if that isn't available, you can get their info via:
23 error     npm owner ls appmovil
23 error There is likely additional logging output above.
24 verbose exit [ 1, true ]
